WARNING! mlock is not supported on this system! An mlockall(2)-like syscall to
prevent memory from being swapped to disk is not supported on this system. For
better security, only run Vault on systems where this call is supported. If
you are running Vault in a Docker container, provide the IPC_LOCK cap to the
container.
==> Vault server configuration:

Administrative Namespace: 
             Api Address: http://127.0.0.1:8200
                     Cgo: disabled
         Cluster Address: https://127.0.0.1:8201
   Environment Variables: HOME, HOMEBREW_CELLAR, HOMEBREW_PREFIX, HOMEBREW_REPOSITORY, INFOPATH, LANG, LOGNAME, PATH, PWD, PYENV_ROOT, PYENV_SHELL, PYENV_VIRTUALENV_INIT, SHELL, SHLVL, SSH_AUTH_SOCK, TERM, TERM_PROGRAM, TERM_PROGRAM_VERSION, TERM_SESSION_ID, TMPDIR, USER, VAULT_ADDR, XPC_FLAGS, XPC_SERVICE_NAME, _, __CFBundleIdentifier, __CF_USER_TEXT_ENCODING
              Go Version: go1.23.6
              Listener 1: tcp (addr: "127.0.0.1:8200", cluster address: "127.0.0.1:8201", disable_request_limiter: "false", max_request_duration: "1m30s", max_request_size: "33554432", tls: "disabled")
               Log Level: 
                   Mlock: supported: false, enabled: false
           Recovery Mode: false
                 Storage: file
                 Version: Vault v1.18.5, built 2025-02-24T09:40:28Z
             Version Sha: 2cb3755273dbd63f5b0f8ec50089b57ffd3fa330

==> Vault server started! Log data will stream in below:

2026-02-20T11:54:07.563+0800 [INFO]  proxy environment: http_proxy="" https_proxy="" no_proxy=""
2026-02-20T11:54:07.563+0800 [INFO]  incrementing seal generation: generation=1
2026-02-20T11:54:07.565+0800 [INFO]  core: Initializing version history cache for core
2026-02-20T11:54:07.565+0800 [INFO]  events: Starting event system
2026-02-20T11:54:10.357+0800 [INFO]  core: security barrier not initialized
2026-02-20T11:54:10.357+0800 [INFO]  core: seal configuration missing, not initialized
2026-02-20T11:54:10.419+0800 [INFO]  core: security barrier not initialized
2026-02-20T11:54:10.419+0800 [INFO]  core: seal configuration missing, not initialized
2026-02-20T11:54:10.420+0800 [INFO]  core: security barrier not initialized
2026-02-20T11:54:10.421+0800 [INFO]  core: security barrier initialized: stored=1 shares=1 threshold=1
2026-02-20T11:54:10.425+0800 [INFO]  core: post-unseal setup starting
2026-02-20T11:54:10.429+0800 [INFO]  core: loaded wrapping token key
2026-02-20T11:54:10.429+0800 [INFO]  core: successfully setup plugin runtime catalog
2026-02-20T11:54:10.429+0800 [INFO]  core: successfully setup plugin catalog: plugin-directory=""
2026-02-20T11:54:10.429+0800 [INFO]  core: no mounts; adding default mount table
2026-02-20T11:54:10.431+0800 [INFO]  core: successfully mounted: type=cubbyhole version="v1.18.5+builtin.vault" path=cubbyhole/ namespace="ID: root. Path: "
2026-02-20T11:54:10.432+0800 [INFO]  core: successfully mounted: type=system version="v1.18.5+builtin.vault" path=sys/ namespace="ID: root. Path: "
2026-02-20T11:54:10.433+0800 [INFO]  core: successfully mounted: type=identity version="v1.18.5+builtin.vault" path=identity/ namespace="ID: root. Path: "
2026-02-20T11:54:10.435+0800 [INFO]  core: successfully mounted: type=token version="v1.18.5+builtin.vault" path=token/ namespace="ID: root. Path: "
2026-02-20T11:54:10.435+0800 [INFO]  rollback: Starting the rollback manager with 256 workers
2026-02-20T11:54:10.435+0800 [INFO]  rollback: starting rollback manager
2026-02-20T11:54:10.436+0800 [INFO]  core: restoring leases
2026-02-20T11:54:10.436+0800 [INFO]  expiration: lease restore complete
2026-02-20T11:54:10.436+0800 [INFO]  identity: entities restored
2026-02-20T11:54:10.436+0800 [INFO]  identity: groups restored
2026-02-20T11:54:10.437+0800 [INFO]  core: usage gauge collection is disabled
2026-02-20T11:54:10.437+0800 [INFO]  core: Recorded vault version: vault version=1.18.5 upgrade time="2026-02-20 03:54:10.437565 +0000 UTC" build date=2025-02-24T09:40:28Z
2026-02-20T11:54:10.439+0800 [INFO]  core: post-unseal setup complete
2026-02-20T11:54:10.439+0800 [INFO]  core: root token generated
2026-02-20T11:54:10.439+0800 [INFO]  core: pre-seal teardown starting
2026-02-20T11:54:10.440+0800 [INFO]  rollback: stopping rollback manager
2026-02-20T11:54:10.440+0800 [INFO]  core: pre-seal teardown complete
2026-02-20T11:55:13.298+0800 [INFO]  core.cluster-listener.tcp: starting listener: listener_address=127.0.0.1:8201
2026-02-20T11:55:13.298+0800 [INFO]  core.cluster-listener: serving cluster requests: cluster_listen_address=127.0.0.1:8201
2026-02-20T11:55:13.298+0800 [INFO]  core: post-unseal setup starting
2026-02-20T11:55:13.299+0800 [INFO]  core: loaded wrapping token key
2026-02-20T11:55:13.299+0800 [INFO]  core: successfully setup plugin runtime catalog
2026-02-20T11:55:13.299+0800 [INFO]  core: successfully setup plugin catalog: plugin-directory=""
2026-02-20T11:55:13.299+0800 [INFO]  core: successfully mounted: type=system version="v1.18.5+builtin.vault" path=sys/ namespace="ID: root. Path: "
2026-02-20T11:55:13.299+0800 [INFO]  core: successfully mounted: type=identity version="v1.18.5+builtin.vault" path=identity/ namespace="ID: root. Path: "
2026-02-20T11:55:13.299+0800 [INFO]  core: successfully mounted: type=cubbyhole version="v1.18.5+builtin.vault" path=cubbyhole/ namespace="ID: root. Path: "
2026-02-20T11:55:13.300+0800 [INFO]  core: successfully mounted: type=token version="v1.18.5+builtin.vault" path=token/ namespace="ID: root. Path: "
2026-02-20T11:55:13.300+0800 [INFO]  rollback: Starting the rollback manager with 256 workers
2026-02-20T11:55:13.300+0800 [INFO]  rollback: starting rollback manager
2026-02-20T11:55:13.300+0800 [INFO]  core: restoring leases
2026-02-20T11:55:13.300+0800 [INFO]  identity: entities restored
2026-02-20T11:55:13.300+0800 [INFO]  identity: groups restored
2026-02-20T11:55:13.301+0800 [INFO]  core: usage gauge collection is disabled
2026-02-20T11:55:13.301+0800 [INFO]  expiration: lease restore complete
2026-02-20T11:55:13.301+0800 [INFO]  core: post-unseal setup complete
2026-02-20T11:55:13.301+0800 [INFO]  core: vault is unsealed
2026-02-20T12:40:49.422+0800 [INFO]  core: enabled credential backend: path=approle/ type=approle version="v1.18.5+builtin.vault"
==> Vault shutdown triggered
2026-02-20T14:03:03.384+0800 [INFO]  core: marked as sealed
2026-02-20T14:03:03.384+0800 [INFO]  core: pre-seal teardown starting
2026-02-20T14:03:03.384+0800 [INFO]  rollback: stopping rollback manager
2026-02-20T14:03:03.384+0800 [INFO]  core: pre-seal teardown complete
2026-02-20T14:03:03.384+0800 [INFO]  core: stopping cluster listeners
2026-02-20T14:03:03.384+0800 [INFO]  core.cluster-listener: forwarding rpc listeners stopped
2026-02-20T14:03:03.392+0800 [INFO]  core.cluster-listener: rpc listeners successfully shut down
2026-02-20T14:03:03.392+0800 [INFO]  core: cluster listeners successfully shut down
2026-02-20T14:03:03.392+0800 [INFO]  core: vault is sealed
